<?xml version="1.0" encoding="UTF-8"?>
<!-- Generated by org.testng.reporters.JUnitXMLReporter -->
<testsuite ignored="0" hostname="DESKTOP-K31CFLJ" failures="1" tests="1" name="Test1" time="11.337" errors="0" timestamp="16 Jul 2021 09:10:28 GMT">
  <testcase classname="com.planit.testcases.sampletest" name="placeOrder" time="0.021">
    <failure type="java.lang.NullPointerException" message="Cannot invoke &amp;quot;org.openqa.selenium.WebElement.click()&amp;quot; because &amp;quot;com.planit.locaters.Locaters.loginButton&amp;quot; is null">
      <![CDATA[java.lang.NullPointerException: Cannot invoke "org.openqa.selenium.WebElement.click()" because "com.planit.locaters.Locaters.loginButton" is null
at com.planit.pageobject.LoginPage.validateWelcomeMessage(LoginPage.java:21)
at com.planit.testcases.sampletest.placeOrder(sampletest.java:20)
... Removed 25 stack frames]]>
    </failure>
  </testcase> <!-- placeOrder -->
</testsuite> <!-- Test1 -->
