<?xml version="1.0" encoding="UTF-8"?>
<testng-results ignored="0" total="1" passed="1" failed="0" skipped="0">
  <reporter-output>
  </reporter-output>
  <suite started-at="2021-07-17T01:50:46Z" name="planit" finished-at="2021-07-17T01:51:32Z" duration-ms="46126">
    <groups>
    </groups>
    <test started-at="2021-07-17T01:50:46Z" name="planit Test" finished-at="2021-07-17T01:51:32Z" duration-ms="46126">
      <class name="com.planit.testCases.OrderProduct">
        <test-method is-config="true" signature="setup(java.lang.String)[pri:0, instance:com.planit.testCases.OrderProduct@f2ff811]" started-at="2021-07-17T01:50:47Z" name="setup" finished-at="2021-07-17T01:51:04Z" duration-ms="17697" status="PASS">
          <params>
            <param index="0">
              <value>
                <![CDATA[chrome]]>
              </value>
            </param>
          </params>
          <reporter-output>
          </reporter-output>
        </test-method> <!-- setup -->
        <test-method signature="addNewCustomer(java.lang.String, java.lang.String, java.lang.String, java.lang.String, java.lang.String, java.lang.String, java.lang.String, java.lang.String)[pri:0, instance:com.planit.testCases.OrderProduct@f2ff811]" started-at="2021-07-17T01:51:10Z" name="addNewCustomer" data-provider="LoginData" finished-at="2021-07-17T01:51:31Z" duration-ms="20916" status="PASS">
          <params>
            <param index="0">
              <value>
                <![CDATA[testdemowebshop@gmail.com]]>
              </value>
            </param>
            <param index="1">
              <value>
                <![CDATA[Test123]]>
              </value>
            </param>
            <param index="2">
              <value>
                <![CDATA[Books]]>
              </value>
            </param>
            <param index="3">
              <value>
                <![CDATA[Computing and Internet]]>
              </value>
            </param>
            <param index="4">
              <value>
                <![CDATA[2]]>
              </value>
            </param>
            <param index="5">
              <value>
                <![CDATA[Sub-Total:]]>
              </value>
            </param>
            <param index="6">
              <value>
                <![CDATA[demo test, jealgora, dhanbad 828110, India]]>
              </value>
            </param>
            <param index="7">
              <value>
                <![CDATA[demo test, jealgora, dhanbad 828110, India]]>
              </value>
            </param>
          </params>
          <reporter-output>
          </reporter-output>
        </test-method> <!-- addNewCustomer -->
        <test-method is-config="true" signature="tearDown()[pri:0, instance:com.planit.testCases.OrderProduct@f2ff811]" started-at="2021-07-17T01:51:31Z" name="tearDown" finished-at="2021-07-17T01:51:32Z" duration-ms="680" status="PASS">
          <reporter-output>
          </reporter-output>
        </test-method> <!-- tearDown -->
      </class> <!-- com.planit.testCases.OrderProduct -->
    </test> <!-- planit Test -->
  </suite> <!-- planit -->
</testng-results>
